2026-05-04 20:40:16,843 [INFO] fxloukess: Starting fxloukess…
2026-05-04 20:40:16,924 [INFO] fxloukess.db: Database connection OK
2026-05-04 20:40:16,957 [INFO] fxloukess.db: All tables created (or already exist)
2026-05-04 20:40:40,067 [WARNING] fxloukess.auth: Failed login for phone=0550000001 from 127.0.0.1
2026-05-04 20:41:01,068 [INFO] fxloukess.auth: Login OK: 0555000000 role=RoleEnum.superadmin
2026-05-04 20:44:32,859 [INFO] fxloukess.auth: Login OK: 05555555555 role=RoleEnum.frontdesk
2026-05-04 20:47:19,680 [INFO] fxloukess.auth: Login OK: 0555000000 role=RoleEnum.superadmin
2026-05-04 20:51:59,671 [INFO] fxloukess: fxloukess shut down
2026-05-04 20:52:11,018 [INFO] fxloukess: Starting fxloukess…
2026-05-04 20:52:11,092 [INFO] fxloukess.db: Database connection OK
2026-05-04 20:52:11,124 [INFO] fxloukess.db: All tables created (or already exist)
2026-05-04 20:53:48,378 [INFO] fxloukess.auth: Login OK: 0505050505 role=RoleEnum.driver
2026-05-04 20:54:47,173 [INFO] fxloukess.auth: Login OK: 0555000000 role=RoleEnum.superadmin
2026-05-04 20:56:31,934 [INFO] fxloukess.auth: Login OK: 1231231230 role=RoleEnum.dispatch
2026-05-04 20:58:19,094 [INFO] fxloukess.auth: Login OK: 0555000000 role=RoleEnum.superadmin
2026-05-04 20:59:07,506 [INFO] fxloukess.auth: Login OK: 05555555555 role=RoleEnum.frontdesk
2026-05-06 12:51:03,920 [INFO] fxloukess: fxloukess v3 starting…
2026-05-06 12:51:04,599 [INFO] fxloukess.db: Database connection OK
2026-05-06 12:51:07,730 [INFO] fxloukess.db: All tables created (or already exist)
2026-05-06 15:32:59,853 [INFO] fxloukess: fxloukess v3 shut down
2026-05-06 15:33:17,072 [INFO] fxloukess: fxloukess v3 starting…
2026-05-06 15:33:17,378 [INFO] fxloukess.db: Database connection OK
2026-05-06 15:33:17,477 [INFO] fxloukess.db: All tables created (or already exist)
2026-05-06 15:41:36,968 [ERROR] fxloukess: 500 http://localhost:8000/api/auth/login: 'str' object has no attribute '__module__'
Traceback (most recent call last):
  File "/usr/local/lib/python3.12/site-packages/starlette/middleware/errors.py", line 165, in __call__
    await self.app(scope, receive, _send)
  File "/usr/local/lib/python3.12/site-packages/starlette/middleware/cors.py", line 93, in __call__
    await self.simple_response(scope, receive, send, request_headers=headers)
  File "/usr/local/lib/python3.12/site-packages/starlette/middleware/cors.py", line 144, in simple_response
    await self.app(scope, receive, send)
  File "/usr/local/lib/python3.12/site-packages/starlette/middleware/exceptions.py", line 62, in __call__
    await wrap_app_handling_exceptions(self.app, conn)(scope, receive, send)
  File "/usr/local/lib/python3.12/site-packages/starlette/_exception_handler.py", line 62, in wrapped_app
    raise exc
  File "/usr/local/lib/python3.12/site-packages/starlette/_exception_handler.py", line 51, in wrapped_app
    await app(scope, receive, sender)
  File "/usr/local/lib/python3.12/site-packages/starlette/routing.py", line 715, in __call__
    await self.middleware_stack(scope, receive, send)
  File "/usr/local/lib/python3.12/site-packages/starlette/routing.py", line 735, in app
    await route.handle(scope, receive, send)
  File "/usr/local/lib/python3.12/site-packages/starlette/routing.py", line 288, in handle
    await self.app(scope, receive, send)
  File "/usr/local/lib/python3.12/site-packages/starlette/routing.py", line 76, in app
    await wrap_app_handling_exceptions(app, request)(scope, receive, send)
  File "/usr/local/lib/python3.12/site-packages/starlette/_exception_handler.py", line 62, in wrapped_app
    raise exc
  File "/usr/local/lib/python3.12/site-packages/starlette/_exception_handler.py", line 51, in wrapped_app
    await app(scope, receive, sender)
  File "/usr/local/lib/python3.12/site-packages/starlette/routing.py", line 73, in app
    response = await f(request)
               ^^^^^^^^^^^^^^^^
  File "/usr/local/lib/python3.12/site-packages/fastapi/routing.py", line 301, in app
    raw_response = await run_endpoint_function(
                   ^^^^^^^^^^^^^^^^^^^^^^^^^^^^
  File "/usr/local/lib/python3.12/site-packages/fastapi/routing.py", line 212, in run_endpoint_function
    return await dependant.call(**values)
           ^^^^^^^^^^^^^^^^^^^^^^^^^^^^^^
  File "/usr/local/lib/python3.12/site-packages/slowapi/extension.py", line 734, in async_wrapper
    response = await func(*args, **kwargs)  # type: ignore
               ^^^^^^^^^^^^^^^^^^^^^^^^^^^
  File "/app/routers/auth.py", line 154, in login
    await request.app.state.limiter._check_request_limit(request, LOGIN_RATE_LIMIT)
          ^^^^^^^^^^^^^^^^^^^^^^^^^^^^^^^^^^^^^^^^^^^^^^^^^^^^^^^^^^^^^^^^^^^^^^^^^
  File "/usr/local/lib/python3.12/site-packages/slowapi/extension.py", line 563, in _check_request_limit
    f"{view_func.__module__}.{view_func.__name__}" if view_func else ""
       ^^^^^^^^^^^^^^^^^^^^
AttributeError: 'str' object has no attribute '__module__'. Did you mean: '__mod__'?
2026-05-06 15:41:46,357 [ERROR] fxloukess: 500 http://localhost:8000/api/auth/login: 'str' object has no attribute '__module__'
Traceback (most recent call last):
  File "/usr/local/lib/python3.12/site-packages/starlette/middleware/errors.py", line 165, in __call__
    await self.app(scope, receive, _send)
  File "/usr/local/lib/python3.12/site-packages/starlette/middleware/cors.py", line 93, in __call__
    await self.simple_response(scope, receive, send, request_headers=headers)
  File "/usr/local/lib/python3.12/site-packages/starlette/middleware/cors.py", line 144, in simple_response
    await self.app(scope, receive, send)
  File "/usr/local/lib/python3.12/site-packages/starlette/middleware/exceptions.py", line 62, in __call__
    await wrap_app_handling_exceptions(self.app, conn)(scope, receive, send)
  File "/usr/local/lib/python3.12/site-packages/starlette/_exception_handler.py", line 62, in wrapped_app
    raise exc
  File "/usr/local/lib/python3.12/site-packages/starlette/_exception_handler.py", line 51, in wrapped_app
    await app(scope, receive, sender)
  File "/usr/local/lib/python3.12/site-packages/starlette/routing.py", line 715, in __call__
    await self.middleware_stack(scope, receive, send)
  File "/usr/local/lib/python3.12/site-packages/starlette/routing.py", line 735, in app
    await route.handle(scope, receive, send)
  File "/usr/local/lib/python3.12/site-packages/starlette/routing.py", line 288, in handle
    await self.app(scope, receive, send)
  File "/usr/local/lib/python3.12/site-packages/starlette/routing.py", line 76, in app
    await wrap_app_handling_exceptions(app, request)(scope, receive, send)
  File "/usr/local/lib/python3.12/site-packages/starlette/_exception_handler.py", line 62, in wrapped_app
    raise exc
  File "/usr/local/lib/python3.12/site-packages/starlette/_exception_handler.py", line 51, in wrapped_app
    await app(scope, receive, sender)
  File "/usr/local/lib/python3.12/site-packages/starlette/routing.py", line 73, in app
    response = await f(request)
               ^^^^^^^^^^^^^^^^
  File "/usr/local/lib/python3.12/site-packages/fastapi/routing.py", line 301, in app
    raw_response = await run_endpoint_function(
                   ^^^^^^^^^^^^^^^^^^^^^^^^^^^^
  File "/usr/local/lib/python3.12/site-packages/fastapi/routing.py", line 212, in run_endpoint_function
    return await dependant.call(**values)
           ^^^^^^^^^^^^^^^^^^^^^^^^^^^^^^
  File "/usr/local/lib/python3.12/site-packages/slowapi/extension.py", line 734, in async_wrapper
    response = await func(*args, **kwargs)  # type: ignore
               ^^^^^^^^^^^^^^^^^^^^^^^^^^^
  File "/app/routers/auth.py", line 154, in login
    await request.app.state.limiter._check_request_limit(request, LOGIN_RATE_LIMIT)
          ^^^^^^^^^^^^^^^^^^^^^^^^^^^^^^^^^^^^^^^^^^^^^^^^^^^^^^^^^^^^^^^^^^^^^^^^^
  File "/usr/local/lib/python3.12/site-packages/slowapi/extension.py", line 563, in _check_request_limit
    f"{view_func.__module__}.{view_func.__name__}" if view_func else ""
       ^^^^^^^^^^^^^^^^^^^^
AttributeError: 'str' object has no attribute '__module__'. Did you mean: '__mod__'?
2026-05-06 15:42:21,252 [ERROR] fxloukess: 500 http://localhost:8000/api/auth/login: 'str' object has no attribute '__module__'
Traceback (most recent call last):
  File "/usr/local/lib/python3.12/site-packages/starlette/middleware/errors.py", line 165, in __call__
    await self.app(scope, receive, _send)
  File "/usr/local/lib/python3.12/site-packages/starlette/middleware/cors.py", line 93, in __call__
    await self.simple_response(scope, receive, send, request_headers=headers)
  File "/usr/local/lib/python3.12/site-packages/starlette/middleware/cors.py", line 144, in simple_response
    await self.app(scope, receive, send)
  File "/usr/local/lib/python3.12/site-packages/starlette/middleware/exceptions.py", line 62, in __call__
    await wrap_app_handling_exceptions(self.app, conn)(scope, receive, send)
  File "/usr/local/lib/python3.12/site-packages/starlette/_exception_handler.py", line 62, in wrapped_app
    raise exc
  File "/usr/local/lib/python3.12/site-packages/starlette/_exception_handler.py", line 51, in wrapped_app
    await app(scope, receive, sender)
  File "/usr/local/lib/python3.12/site-packages/starlette/routing.py", line 715, in __call__
    await self.middleware_stack(scope, receive, send)
  File "/usr/local/lib/python3.12/site-packages/starlette/routing.py", line 735, in app
    await route.handle(scope, receive, send)
  File "/usr/local/lib/python3.12/site-packages/starlette/routing.py", line 288, in handle
    await self.app(scope, receive, send)
  File "/usr/local/lib/python3.12/site-packages/starlette/routing.py", line 76, in app
    await wrap_app_handling_exceptions(app, request)(scope, receive, send)
  File "/usr/local/lib/python3.12/site-packages/starlette/_exception_handler.py", line 62, in wrapped_app
    raise exc
  File "/usr/local/lib/python3.12/site-packages/starlette/_exception_handler.py", line 51, in wrapped_app
    await app(scope, receive, sender)
  File "/usr/local/lib/python3.12/site-packages/starlette/routing.py", line 73, in app
    response = await f(request)
               ^^^^^^^^^^^^^^^^
  File "/usr/local/lib/python3.12/site-packages/fastapi/routing.py", line 301, in app
    raw_response = await run_endpoint_function(
                   ^^^^^^^^^^^^^^^^^^^^^^^^^^^^
  File "/usr/local/lib/python3.12/site-packages/fastapi/routing.py", line 212, in run_endpoint_function
    return await dependant.call(**values)
           ^^^^^^^^^^^^^^^^^^^^^^^^^^^^^^
  File "/usr/local/lib/python3.12/site-packages/slowapi/extension.py", line 734, in async_wrapper
    response = await func(*args, **kwargs)  # type: ignore
               ^^^^^^^^^^^^^^^^^^^^^^^^^^^
  File "/app/routers/auth.py", line 154, in login
    await request.app.state.limiter._check_request_limit(request, LOGIN_RATE_LIMIT)
          ^^^^^^^^^^^^^^^^^^^^^^^^^^^^^^^^^^^^^^^^^^^^^^^^^^^^^^^^^^^^^^^^^^^^^^^^^
  File "/usr/local/lib/python3.12/site-packages/slowapi/extension.py", line 563, in _check_request_limit
    f"{view_func.__module__}.{view_func.__name__}" if view_func else ""
       ^^^^^^^^^^^^^^^^^^^^
AttributeError: 'str' object has no attribute '__module__'. Did you mean: '__mod__'?
2026-05-06 15:44:16,450 [ERROR] fxloukess: 500 http://localhost:8000/api/auth/login: 'str' object has no attribute '__module__'
Traceback (most recent call last):
  File "/usr/local/lib/python3.12/site-packages/starlette/middleware/errors.py", line 165, in __call__
    await self.app(scope, receive, _send)
  File "/usr/local/lib/python3.12/site-packages/starlette/middleware/cors.py", line 93, in __call__
    await self.simple_response(scope, receive, send, request_headers=headers)
  File "/usr/local/lib/python3.12/site-packages/starlette/middleware/cors.py", line 144, in simple_response
    await self.app(scope, receive, send)
  File "/usr/local/lib/python3.12/site-packages/starlette/middleware/exceptions.py", line 62, in __call__
    await wrap_app_handling_exceptions(self.app, conn)(scope, receive, send)
  File "/usr/local/lib/python3.12/site-packages/starlette/_exception_handler.py", line 62, in wrapped_app
    raise exc
  File "/usr/local/lib/python3.12/site-packages/starlette/_exception_handler.py", line 51, in wrapped_app
    await app(scope, receive, sender)
  File "/usr/local/lib/python3.12/site-packages/starlette/routing.py", line 715, in __call__
    await self.middleware_stack(scope, receive, send)
  File "/usr/local/lib/python3.12/site-packages/starlette/routing.py", line 735, in app
    await route.handle(scope, receive, send)
  File "/usr/local/lib/python3.12/site-packages/starlette/routing.py", line 288, in handle
    await self.app(scope, receive, send)
  File "/usr/local/lib/python3.12/site-packages/starlette/routing.py", line 76, in app
    await wrap_app_handling_exceptions(app, request)(scope, receive, send)
  File "/usr/local/lib/python3.12/site-packages/starlette/_exception_handler.py", line 62, in wrapped_app
    raise exc
  File "/usr/local/lib/python3.12/site-packages/starlette/_exception_handler.py", line 51, in wrapped_app
    await app(scope, receive, sender)
  File "/usr/local/lib/python3.12/site-packages/starlette/routing.py", line 73, in app
    response = await f(request)
               ^^^^^^^^^^^^^^^^
  File "/usr/local/lib/python3.12/site-packages/fastapi/routing.py", line 301, in app
    raw_response = await run_endpoint_function(
                   ^^^^^^^^^^^^^^^^^^^^^^^^^^^^
  File "/usr/local/lib/python3.12/site-packages/fastapi/routing.py", line 212, in run_endpoint_function
    return await dependant.call(**values)
           ^^^^^^^^^^^^^^^^^^^^^^^^^^^^^^
  File "/usr/local/lib/python3.12/site-packages/slowapi/extension.py", line 734, in async_wrapper
    response = await func(*args, **kwargs)  # type: ignore
               ^^^^^^^^^^^^^^^^^^^^^^^^^^^
  File "/app/routers/auth.py", line 154, in login
    await request.app.state.limiter._check_request_limit(request, LOGIN_RATE_LIMIT)
          ^^^^^^^^^^^^^^^^^^^^^^^^^^^^^^^^^^^^^^^^^^^^^^^^^^^^^^^^^^^^^^^^^^^^^^^^^
  File "/usr/local/lib/python3.12/site-packages/slowapi/extension.py", line 563, in _check_request_limit
    f"{view_func.__module__}.{view_func.__name__}" if view_func else ""
       ^^^^^^^^^^^^^^^^^^^^
AttributeError: 'str' object has no attribute '__module__'. Did you mean: '__mod__'?
2026-05-06 18:44:55,310 [INFO] fxloukess: fxloukess v3 shut down
2026-05-06 18:45:14,057 [INFO] fxloukess: fxloukess v3 starting…
2026-05-06 18:45:14,386 [INFO] fxloukess.db: Database connection OK
2026-05-06 18:45:14,482 [INFO] fxloukess.db: All tables created (or already exist)
2026-05-06 18:46:10,749 [ERROR] fxloukess: 500 http://localhost:8000/api/auth/login: 'str' object has no attribute '__module__'
Traceback (most recent call last):
  File "/usr/local/lib/python3.12/site-packages/starlette/middleware/errors.py", line 165, in __call__
    await self.app(scope, receive, _send)
  File "/usr/local/lib/python3.12/site-packages/starlette/middleware/cors.py", line 93, in __call__
    await self.simple_response(scope, receive, send, request_headers=headers)
  File "/usr/local/lib/python3.12/site-packages/starlette/middleware/cors.py", line 144, in simple_response
    await self.app(scope, receive, send)
  File "/usr/local/lib/python3.12/site-packages/starlette/middleware/exceptions.py", line 62, in __call__
    await wrap_app_handling_exceptions(self.app, conn)(scope, receive, send)
  File "/usr/local/lib/python3.12/site-packages/starlette/_exception_handler.py", line 62, in wrapped_app
    raise exc
  File "/usr/local/lib/python3.12/site-packages/starlette/_exception_handler.py", line 51, in wrapped_app
    await app(scope, receive, sender)
  File "/usr/local/lib/python3.12/site-packages/starlette/routing.py", line 715, in __call__
    await self.middleware_stack(scope, receive, send)
  File "/usr/local/lib/python3.12/site-packages/starlette/routing.py", line 735, in app
    await route.handle(scope, receive, send)
  File "/usr/local/lib/python3.12/site-packages/starlette/routing.py", line 288, in handle
    await self.app(scope, receive, send)
  File "/usr/local/lib/python3.12/site-packages/starlette/routing.py", line 76, in app
    await wrap_app_handling_exceptions(app, request)(scope, receive, send)
  File "/usr/local/lib/python3.12/site-packages/starlette/_exception_handler.py", line 62, in wrapped_app
    raise exc
  File "/usr/local/lib/python3.12/site-packages/starlette/_exception_handler.py", line 51, in wrapped_app
    await app(scope, receive, sender)
  File "/usr/local/lib/python3.12/site-packages/starlette/routing.py", line 73, in app
    response = await f(request)
               ^^^^^^^^^^^^^^^^
  File "/usr/local/lib/python3.12/site-packages/fastapi/routing.py", line 301, in app
    raw_response = await run_endpoint_function(
                   ^^^^^^^^^^^^^^^^^^^^^^^^^^^^
  File "/usr/local/lib/python3.12/site-packages/fastapi/routing.py", line 212, in run_endpoint_function
    return await dependant.call(**values)
           ^^^^^^^^^^^^^^^^^^^^^^^^^^^^^^
  File "/usr/local/lib/python3.12/site-packages/slowapi/extension.py", line 734, in async_wrapper
    response = await func(*args, **kwargs)  # type: ignore
               ^^^^^^^^^^^^^^^^^^^^^^^^^^^
  File "/app/routers/auth.py", line 154, in login
    await request.app.state.limiter._check_request_limit(request, LOGIN_RATE_LIMIT)
          ^^^^^^^^^^^^^^^^^^^^^^^^^^^^^^^^^^^^^^^^^^^^^^^^^^^^^^^^^^^^^^^^^^^^^^^^^
  File "/usr/local/lib/python3.12/site-packages/slowapi/extension.py", line 563, in _check_request_limit
    f"{view_func.__module__}.{view_func.__name__}" if view_func else ""
       ^^^^^^^^^^^^^^^^^^^^
AttributeError: 'str' object has no attribute '__module__'. Did you mean: '__mod__'?
2026-05-06 18:53:25,242 [INFO] fxloukess: fxloukess v3 shut down
2026-05-06 18:53:39,973 [INFO] fxloukess: fxloukess v3 starting…
2026-05-06 18:53:40,276 [INFO] fxloukess.db: Database connection OK
2026-05-06 18:53:40,363 [INFO] fxloukess.db: All tables created (or already exist)
2026-05-06 18:54:03,212 [WARNING] fxloukess.auth: Failed login for phone=0555000000 from 172.18.0.1
2026-05-06 18:54:32,183 [WARNING] fxloukess.auth: Failed login for phone=0555000000 from 172.18.0.1
2026-05-06 18:55:12,904 [WARNING] fxloukess.auth: Failed login for phone=0550000001 from 172.18.0.1
2026-05-06 19:01:48,923 [INFO] fxloukess: fxloukess v3 shut down
2026-05-06 19:02:03,375 [INFO] fxloukess: fxloukess v3 starting…
2026-05-06 19:02:03,615 [INFO] fxloukess.db: Database connection OK
2026-05-06 19:02:03,703 [INFO] fxloukess.db: All tables created (or already exist)
2026-05-06 19:02:37,287 [WARNING] fxloukess.auth: Failed login for phone=0550000001 from 172.18.0.1
2026-05-06 19:02:59,409 [INFO] fxloukess.auth: Login OK: 0555000000 role=RoleEnum.superadmin
2026-05-06 19:02:59,411 [ERROR] fxloukess: 500 http://localhost:8000/api/auth/login: name 'csrf_token' is not defined
Traceback (most recent call last):
  File "/usr/local/lib/python3.12/site-packages/starlette/middleware/errors.py", line 165, in __call__
    await self.app(scope, receive, _send)
  File "/usr/local/lib/python3.12/site-packages/starlette/middleware/cors.py", line 93, in __call__
    await self.simple_response(scope, receive, send, request_headers=headers)
  File "/usr/local/lib/python3.12/site-packages/starlette/middleware/cors.py", line 144, in simple_response
    await self.app(scope, receive, send)
  File "/usr/local/lib/python3.12/site-packages/starlette/middleware/exceptions.py", line 62, in __call__
    await wrap_app_handling_exceptions(self.app, conn)(scope, receive, send)
  File "/usr/local/lib/python3.12/site-packages/starlette/_exception_handler.py", line 62, in wrapped_app
    raise exc
  File "/usr/local/lib/python3.12/site-packages/starlette/_exception_handler.py", line 51, in wrapped_app
    await app(scope, receive, sender)
  File "/usr/local/lib/python3.12/site-packages/starlette/routing.py", line 715, in __call__
    await self.middleware_stack(scope, receive, send)
  File "/usr/local/lib/python3.12/site-packages/starlette/routing.py", line 735, in app
    await route.handle(scope, receive, send)
  File "/usr/local/lib/python3.12/site-packages/starlette/routing.py", line 288, in handle
    await self.app(scope, receive, send)
  File "/usr/local/lib/python3.12/site-packages/starlette/routing.py", line 76, in app
    await wrap_app_handling_exceptions(app, request)(scope, receive, send)
  File "/usr/local/lib/python3.12/site-packages/starlette/_exception_handler.py", line 62, in wrapped_app
    raise exc
  File "/usr/local/lib/python3.12/site-packages/starlette/_exception_handler.py", line 51, in wrapped_app
    await app(scope, receive, sender)
  File "/usr/local/lib/python3.12/site-packages/starlette/routing.py", line 73, in app
    response = await f(request)
               ^^^^^^^^^^^^^^^^
  File "/usr/local/lib/python3.12/site-packages/fastapi/routing.py", line 301, in app
    raw_response = await run_endpoint_function(
                   ^^^^^^^^^^^^^^^^^^^^^^^^^^^^
  File "/usr/local/lib/python3.12/site-packages/fastapi/routing.py", line 212, in run_endpoint_function
    return await dependant.call(**values)
           ^^^^^^^^^^^^^^^^^^^^^^^^^^^^^^
  File "/usr/local/lib/python3.12/site-packages/slowapi/extension.py", line 734, in async_wrapper
    response = await func(*args, **kwargs)  # type: ignore
               ^^^^^^^^^^^^^^^^^^^^^^^^^^^
  File "/app/routers/auth.py", line 200, in login
    key="csrf_token", value=csrf_token,
                            ^^^^^^^^^^
NameError: name 'csrf_token' is not defined
2026-05-06 19:03:47,890 [INFO] fxloukess.auth: Login OK: 0555000000 role=RoleEnum.superadmin
2026-05-06 19:03:47,892 [ERROR] fxloukess: 500 http://localhost:8000/api/auth/login: name 'csrf_token' is not defined
Traceback (most recent call last):
  File "/usr/local/lib/python3.12/site-packages/starlette/middleware/errors.py", line 165, in __call__
    await self.app(scope, receive, _send)
  File "/usr/local/lib/python3.12/site-packages/starlette/middleware/cors.py", line 93, in __call__
    await self.simple_response(scope, receive, send, request_headers=headers)
  File "/usr/local/lib/python3.12/site-packages/starlette/middleware/cors.py", line 144, in simple_response
    await self.app(scope, receive, send)
  File "/usr/local/lib/python3.12/site-packages/starlette/middleware/exceptions.py", line 62, in __call__
    await wrap_app_handling_exceptions(self.app, conn)(scope, receive, send)
  File "/usr/local/lib/python3.12/site-packages/starlette/_exception_handler.py", line 62, in wrapped_app
    raise exc
  File "/usr/local/lib/python3.12/site-packages/starlette/_exception_handler.py", line 51, in wrapped_app
    await app(scope, receive, sender)
  File "/usr/local/lib/python3.12/site-packages/starlette/routing.py", line 715, in __call__
    await self.middleware_stack(scope, receive, send)
  File "/usr/local/lib/python3.12/site-packages/starlette/routing.py", line 735, in app
    await route.handle(scope, receive, send)
  File "/usr/local/lib/python3.12/site-packages/starlette/routing.py", line 288, in handle
    await self.app(scope, receive, send)
  File "/usr/local/lib/python3.12/site-packages/starlette/routing.py", line 76, in app
    await wrap_app_handling_exceptions(app, request)(scope, receive, send)
  File "/usr/local/lib/python3.12/site-packages/starlette/_exception_handler.py", line 62, in wrapped_app
    raise exc
  File "/usr/local/lib/python3.12/site-packages/starlette/_exception_handler.py", line 51, in wrapped_app
    await app(scope, receive, sender)
  File "/usr/local/lib/python3.12/site-packages/starlette/routing.py", line 73, in app
    response = await f(request)
               ^^^^^^^^^^^^^^^^
  File "/usr/local/lib/python3.12/site-packages/fastapi/routing.py", line 301, in app
    raw_response = await run_endpoint_function(
                   ^^^^^^^^^^^^^^^^^^^^^^^^^^^^
  File "/usr/local/lib/python3.12/site-packages/fastapi/routing.py", line 212, in run_endpoint_function
    return await dependant.call(**values)
           ^^^^^^^^^^^^^^^^^^^^^^^^^^^^^^
  File "/usr/local/lib/python3.12/site-packages/slowapi/extension.py", line 734, in async_wrapper
    response = await func(*args, **kwargs)  # type: ignore
               ^^^^^^^^^^^^^^^^^^^^^^^^^^^
  File "/app/routers/auth.py", line 200, in login
    key="csrf_token", value=csrf_token,
                            ^^^^^^^^^^
NameError: name 'csrf_token' is not defined
2026-05-06 19:13:05,038 [INFO] fxloukess.auth: Login OK: 0555000000 role=RoleEnum.superadmin
2026-05-06 19:13:05,056 [ERROR] fxloukess: 500 http://localhost:8000/api/auth/login: name 'csrf_token' is not defined
Traceback (most recent call last):
  File "/usr/local/lib/python3.12/site-packages/starlette/middleware/errors.py", line 165, in __call__
    await self.app(scope, receive, _send)
  File "/usr/local/lib/python3.12/site-packages/starlette/middleware/cors.py", line 93, in __call__
    await self.simple_response(scope, receive, send, request_headers=headers)
  File "/usr/local/lib/python3.12/site-packages/starlette/middleware/cors.py", line 144, in simple_response
    await self.app(scope, receive, send)
  File "/usr/local/lib/python3.12/site-packages/starlette/middleware/exceptions.py", line 62, in __call__
    await wrap_app_handling_exceptions(self.app, conn)(scope, receive, send)
  File "/usr/local/lib/python3.12/site-packages/starlette/_exception_handler.py", line 62, in wrapped_app
    raise exc
  File "/usr/local/lib/python3.12/site-packages/starlette/_exception_handler.py", line 51, in wrapped_app
    await app(scope, receive, sender)
  File "/usr/local/lib/python3.12/site-packages/starlette/routing.py", line 715, in __call__
    await self.middleware_stack(scope, receive, send)
  File "/usr/local/lib/python3.12/site-packages/starlette/routing.py", line 735, in app
    await route.handle(scope, receive, send)
  File "/usr/local/lib/python3.12/site-packages/starlette/routing.py", line 288, in handle
    await self.app(scope, receive, send)
  File "/usr/local/lib/python3.12/site-packages/starlette/routing.py", line 76, in app
    await wrap_app_handling_exceptions(app, request)(scope, receive, send)
  File "/usr/local/lib/python3.12/site-packages/starlette/_exception_handler.py", line 62, in wrapped_app
    raise exc
  File "/usr/local/lib/python3.12/site-packages/starlette/_exception_handler.py", line 51, in wrapped_app
    await app(scope, receive, sender)
  File "/usr/local/lib/python3.12/site-packages/starlette/routing.py", line 73, in app
    response = await f(request)
               ^^^^^^^^^^^^^^^^
  File "/usr/local/lib/python3.12/site-packages/fastapi/routing.py", line 301, in app
    raw_response = await run_endpoint_function(
                   ^^^^^^^^^^^^^^^^^^^^^^^^^^^^
  File "/usr/local/lib/python3.12/site-packages/fastapi/routing.py", line 212, in run_endpoint_function
    return await dependant.call(**values)
           ^^^^^^^^^^^^^^^^^^^^^^^^^^^^^^
  File "/usr/local/lib/python3.12/site-packages/slowapi/extension.py", line 734, in async_wrapper
    response = await func(*args, **kwargs)  # type: ignore
               ^^^^^^^^^^^^^^^^^^^^^^^^^^^
  File "/app/routers/auth.py", line 200, in login
    key="csrf_token", value=csrf_token,
                            ^^^^^^^^^^
NameError: name 'csrf_token' is not defined
2026-05-06 19:14:23,570 [INFO] fxloukess: fxloukess v3 shut down
2026-05-06 19:14:43,207 [INFO] fxloukess: fxloukess v3 starting…
2026-05-06 19:14:43,577 [INFO] fxloukess.db: Database connection OK
2026-05-06 19:14:43,861 [INFO] fxloukess.db: All tables created (or already exist)
2026-05-06 19:17:32,798 [INFO] fxloukess.auth: Login OK: 0555000000 role=RoleEnum.superadmin
2026-05-06 19:26:35,539 [INFO] fxloukess: fxloukess v3 shut down
2026-05-06 19:26:47,928 [INFO] fxloukess: fxloukess v3 starting…
2026-05-06 19:26:48,099 [INFO] fxloukess.db: Database connection OK
2026-05-06 19:26:48,177 [INFO] fxloukess.db: All tables created (or already exist)
